[0523/204325.683:ERROR:process_memory_win.cc(73)] ReadMemory at 0x7ff6d7b00000 of 64 bytes failed: Ukoñczono tylko czêœæ ¿¹dania ReadProcessMemory lub WriteProcessMemory. (0x12B)
[0523/204325.685:WARNING:pe_image_reader.cc(340)] could not read dos header from C:\Program Files (x86)\Google\Chrome\Application\chrome.exe
[0523/204325.685:ERROR:process_memory_win.cc(73)] ReadMemory at 0x7ff905160000 of 64 bytes failed: Ukoñczono tylko czêœæ ¿¹dania ReadProcessMemory lub WriteProcessMemory. (0x12B)
[0523/204325.685:WARNING:pe_image_reader.cc(340)] could not read dos header from C:\WINDOWS\SYSTEM32\ntdll.dll
[0523/204325.685:ERROR:process_memory_win.cc(73)] ReadMemory at 0x7ff904500000 of 64 bytes failed: Ukoñczono tylko czêœæ ¿¹dania ReadProcessMemory lub WriteProcessMemory. (0x12B)
[0523/204325.685:WARNING:pe_image_reader.cc(340)] could not read dos header from C:\WINDOWS\System32\KERNEL32.DLL
[0523/204325.685:ERROR:process_memory_win.cc(73)] ReadMemory at 0x7ff9012f0000 of 64 bytes failed: Ukoñczono tylko czêœæ ¿¹dania ReadProcessMemory lub WriteProcessMemory. (0x12B)
[0523/204325.685:WARNING:pe_image_reader.cc(340)] could not read dos header from C:\WINDOWS\System32\KERNELBASE.dll
[0523/204325.685:ERROR:process_memory_win.cc(73)] ReadMemory at 0x7ff8ff230000 of 64 bytes failed: Ukoñczono tylko czêœæ ¿¹dania ReadProcessMemory lub WriteProcessMemory. (0x12B)
[0523/204325.685:WARNING:pe_image_reader.cc(340)] could not read dos header from C:\WINDOWS\SYSTEM32\apphelp.dll
[0523/204325.685:ERROR:process_memory_win.cc(73)] ReadMemory at 0x7ff902ca0000 of 64 bytes failed: Ukoñczono tylko czêœæ ¿¹dania ReadProcessMemory lub WriteProcessMemory. (0x12B)
[0523/204325.685:WARNING:pe_image_reader.cc(340)] could not read dos header from C:\WINDOWS\System32\SHELL32.dll
[0523/204325.685:ERROR:process_memory_win.cc(73)] ReadMemory at 0x7ff904a10000 of 64 bytes failed: Ukoñczono tylko czêœæ ¿¹dania ReadProcessMemory lub WriteProcessMemory. (0x12B)
[0523/204325.685:WARNING:pe_image_reader.cc(340)] could not read dos header from C:\WINDOWS\System32\msvcrt.dll
[0523/204325.686:ERROR:process_memory_win.cc(73)] ReadMemory at 0x7ff902060000 of 64 bytes failed: Ukoñczono tylko czêœæ ¿¹dania ReadProcessMemory lub WriteProcessMemory. (0x12B)
[0523/204325.686:WARNING:pe_image_reader.cc(340)] could not read dos header from C:\WINDOWS\System32\cfgmgr32.dll
[0523/204325.686:ERROR:process_memory_win.cc(73)] ReadMemory at 0x7ff902290000 of 64 bytes failed: Ukoñczono tylko czêœæ ¿¹dania ReadProcessMemory lub WriteProcessMemory. (0x12B)
[0523/204325.686:WARNING:pe_image_reader.cc(340)] could not read dos header from C:\WINDOWS\System32\ucrtbase.dll
[0523/204325.686:ERROR:process_memory_win.cc(73)] ReadMemory at 0x7ff904900000 of 64 bytes failed: Ukoñczono tylko czêœæ ¿¹dania ReadProcessMemory lub WriteProcessMemory. (0x12B)
[0523/204325.686:WARNING:pe_image_reader.cc(340)] could not read dos header from C:\WINDOWS\System32\shcore.dll
[0523/204325.686:ERROR:process_memory_win.cc(73)] ReadMemory at 0x7ff904b60000 of 64 bytes failed: Ukoñczono tylko czêœæ ¿¹dania ReadProcessMemory lub WriteProcessMemory. (0x12B)
[0523/204325.686:WARNING:pe_image_reader.cc(340)] could not read dos header from C:\WINDOWS\System32\RPCRT4.dll
[0523/204325.686:ERROR:process_memory_win.cc(73)] ReadMemory at 0x2613b6f0000 of 64 bytes failed: Ukoñczono tylko czêœæ ¿¹dania ReadProcessMemory lub WriteProcessMemory. (0x12B)
[0523/204325.686:WARNING:pe_image_reader.cc(340)] could not read dos header from C:\WINDOWS\System32\combase.dll
[0523/204325.686:ERROR:process_memory_win.cc(73)] ReadMemory at 0x7ff9021b0000 of 64 bytes failed: Ukoñczono tylko czêœæ ¿¹dania ReadProcessMemory lub WriteProcessMemory. (0x12B)
[0523/204325.686:WARNING:pe_image_reader.cc(340)] could not read dos header from C:\WINDOWS\System32\bcryptPrimitives.dll
[0523/204325.686:ERROR:process_memory_win.cc(73)] ReadMemory at 0x7ff901910000 of 64 bytes failed: Ukoñczono tylko czêœæ ¿¹dania ReadProcessMemory lub WriteProcessMemory. (0x12B)
[0523/204325.686:WARNING:pe_image_reader.cc(340)] could not read dos header from C:\WINDOWS\System32\windows.storage.dll
[0523/204325.686:ERROR:process_memory_win.cc(73)] ReadMemory at 0x7ff901230000 of 64 bytes failed: Ukoñczono tylko czêœæ ¿¹dania ReadProcessMemory lub WriteProcessMemory. (0x12B)
[0523/204325.686:WARNING:pe_image_reader.cc(340)] could not read dos header from C:\WINDOWS\System32\msvcp_win.dll
[0523/204325.686:ERROR:process_memory_win.cc(73)] ReadMemory at 0x7ff904d90000 of 64 bytes failed: Ukoñczono tylko czêœæ ¿¹dania ReadProcessMemory lub WriteProcessMemory. (0x12B)
[0523/204325.687:WARNING:pe_image_reader.cc(340)] could not read dos header from C:\WINDOWS\System32\sechost.dll
[0523/204325.687:ERROR:process_memory_win.cc(73)] ReadMemory at 0x7ff902bf0000 of 64 bytes failed: Ukoñczono tylko czêœæ ¿¹dania ReadProcessMemory lub WriteProcessMemory. (0x12B)
[0523/204325.687:WARNING:pe_image_reader.cc(340)] could not read dos header from C:\WINDOWS\System32\advapi32.dll
[0523/204325.687:ERROR:process_memory_win.cc(73)] ReadMemory at 0x7ff901200000 of 64 bytes failed: Ukoñczono tylko czêœæ ¿¹dania ReadProcessMemory lub WriteProcessMemory. (0x12B)
[0523/204325.687:WARNING:pe_image_reader.cc(340)] could not read dos header from C:\WINDOWS\System32\profapi.dll
[0523/204325.687:ERROR:process_memory_win.cc(73)] ReadMemory at 0x7ff901180000 of 64 bytes failed: Ukoñczono tylko czêœæ ¿¹dania ReadProcessMemory lub WriteProcessMemory. (0x12B)
[0523/204325.687:WARNING:pe_image_reader.cc(340)] could not read dos header from C:\WINDOWS\System32\powrprof.dll
[0523/204325.687:ERROR:process_memory_win.cc(73)] ReadMemory at 0x7ff902390000 of 64 bytes failed: Ukoñczono tylko czêœæ ¿¹dania ReadProcessMemory lub WriteProcessMemory. (0x12B)
[0523/204325.687:WARNING:pe_image_reader.cc(340)] could not read dos header from C:\WINDOWS\System32\shlwapi.dll
[0523/204325.687:ERROR:process_memory_win.cc(73)] ReadMemory at 0x7ff902bc0000 of 64 bytes failed: Ukoñczono tylko czêœæ ¿¹dania ReadProcessMemory lub WriteProcessMemory. (0x12B)
[0523/204325.687:WARNING:pe_image_reader.cc(340)] could not read dos header from C:\WINDOWS\System32\GDI32.dll
[0523/204325.687:ERROR:process_memory_win.cc(73)] ReadMemory at 0x7ff901590000 of 64 bytes failed: Ukoñczono tylko czêœæ ¿¹dania ReadProcessMemory lub WriteProcessMemory. (0x12B)
[0523/204325.687:WARNING:pe_image_reader.cc(340)] could not read dos header from C:\WINDOWS\System32\gdi32full.dll
[0523/204325.687:ERROR:process_memory_win.cc(73)] ReadMemory at 0x2613ba20000 of 64 bytes failed: Ukoñczono tylko czêœæ ¿¹dania ReadProcessMemory lub WriteProcessMemory. (0x12B)
[0523/204325.687:WARNING:pe_image_reader.cc(340)] could not read dos header from C:\WINDOWS\System32\USER32.dll
[0523/204325.687:ERROR:process_memory_win.cc(73)] ReadMemory at 0x7ff9020b0000 of 64 bytes failed: Ukoñczono tylko czêœæ ¿¹dania ReadProcessMemory lub WriteProcessMemory. (0x12B)
[0523/204325.687:WARNING:pe_image_reader.cc(340)] could not read dos header from C:\WINDOWS\System32\win32u.dll
[0523/204325.687:ERROR:process_memory_win.cc(73)] ReadMemory at 0x7ff9011e0000 of 64 bytes failed: Ukoñczono tylko czêœæ ¿¹dania ReadProcessMemory lub WriteProcessMemory. (0x12B)
[0523/204325.687:WARNING:pe_image_reader.cc(340)] could not read dos header from C:\WINDOWS\System32\kernel.appcore.dll
[0523/204325.688:ERROR:process_memory_win.cc(73)] ReadMemory at 0x7ff9012d0000 of 64 bytes failed: Ukoñczono tylko czêœæ ¿¹dania ReadProcessMemory lub WriteProcessMemory. (0x12B)
[0523/204325.688:WARNING:pe_image_reader.cc(340)] could not read dos header from C:\WINDOWS\System32\cryptsp.dll
[0523/204325.688:ERROR:process_memory_win.cc(73)] ReadMemory at 0x7ff8f4a70000 of 64 bytes failed: Ukoñczono tylko czêœæ ¿¹dania ReadProcessMemory lub WriteProcessMemory. (0x12B)
[0523/204325.688:WARNING:pe_image_reader.cc(340)] could not read dos header from C:\Program Files (x86)\Google\Chrome\Application\74.0.3729.169\chrome_elf.dll
[0523/204325.688:ERROR:process_memory_win.cc(73)] ReadMemory at 0x7ff8f8a10000 of 64 bytes failed: Ukoñczono tylko czêœæ ¿¹dania ReadProcessMemory lub WriteProcessMemory. (0x12B)
[0523/204325.688:WARNING:pe_image_reader.cc(340)] could not read dos header from C:\WINDOWS\SYSTEM32\VERSION.dll
[0523/204325.688:ERROR:process_memory_win.cc(73)] ReadMemory at 0x7ff8ff2f0000 of 64 bytes failed: Ukoñczono tylko czêœæ ¿¹dania ReadProcessMemory lub WriteProcessMemory. (0x12B)
[0523/204325.688:WARNING:pe_image_reader.cc(340)] could not read dos header from C:\WINDOWS\SYSTEM32\WINMM.dll
[0523/204325.688:ERROR:process_memory_win.cc(73)] ReadMemory at 0x7ff901060000 of 64 bytes failed: Ukoñczono tylko czêœæ ¿¹dania ReadProcessMemory lub WriteProcessMemory. (0x12B)
[0523/204325.688:WARNING:pe_image_reader.cc(340)] could not read dos header from C:\WINDOWS\SYSTEM32\USERENV.dll
[0523/204325.688:ERROR:process_memory_win.cc(73)] ReadMemory at 0x7ff8ff2c0000 of 64 bytes failed: Ukoñczono tylko czêœæ ¿¹dania ReadProcessMemory lub WriteProcessMemory. (0x12B)
[0523/204325.688:WARNING:pe_image_reader.cc(340)] could not read dos header from C:\WINDOWS\SYSTEM32\WINMMBASE.dll
[0523/204325.688:ERROR:process_memory_win.cc(73)] ReadMemory at 0x7ff900b50000 of 64 bytes failed: Ukoñczono tylko czêœæ ¿¹dania ReadProcessMemory lub WriteProcessMemory. (0x12B)
[0523/204325.688:WARNING:pe_image_reader.cc(340)] could not read dos header from C:\WINDOWS\SYSTEM32\CRYPTBASE.DLL
[0523/204325.688:ERROR:process_memory_win.cc(73)] ReadMemory at 0x7ff902ac0000 of 64 bytes failed: Ukoñczono tylko czêœæ ¿¹dania ReadProcessMemory lub WriteProcessMemory. (0x12B)
[0523/204325.688:WARNING:pe_image_reader.cc(340)] could not read dos header from C:\WINDOWS\System32\IMM32.DLL
[0523/204325.688:ERROR:process_memory_win.cc(73)] ReadMemory at 0x7ff88b490000 of 64 bytes failed: Ukoñczono tylko czêœæ ¿¹dania ReadProcessMemory lub WriteProcessMemory. (0x12B)
[0523/204325.688:WARNING:pe_image_reader.cc(340)] could not read dos header from C:\Program Files (x86)\Google\Chrome\Application\74.0.3729.169\chrome_child.dll
[0523/204325.689:ERROR:process_memory_win.cc(73)] ReadMemory at 0x7ff904330000 of 64 bytes failed: Ukoñczono tylko czêœæ ¿¹dania ReadProcessMemory lub WriteProcessMemory. (0x12B)
[0523/204325.689:WARNING:pe_image_reader.cc(340)] could not read dos header from C:\WINDOWS\System32\WS2_32.dll
[0523/204325.689:ERROR:process_memory_win.cc(73)] ReadMemory at 0x7ff9043a0000 of 64 bytes failed: Ukoñczono tylko czêœæ ¿¹dania ReadProcessMemory lub WriteProcessMemory. (0x12B)
[0523/204325.689:WARNING:pe_image_reader.cc(340)] could not read dos header from C:\WINDOWS\System32\ole32.dll
[0523/204325.689:ERROR:process_memory_win.cc(73)] ReadMemory at 0x7ff902af0000 of 64 bytes failed: Ukoñczono tylko czêœæ ¿¹dania ReadProcessMemory lub WriteProcessMemory. (0x12B)
[0523/204325.689:WARNING:pe_image_reader.cc(340)] could not read dos header from C:\WINDOWS\System32\OLEAUT32.dll
[0523/204325.689:ERROR:process_memory_win.cc(73)] ReadMemory at 0x7ff902230000 of 64 bytes failed: Ukoñczono tylko czêœæ ¿¹dania ReadProcessMemory lub WriteProcessMemory. (0x12B)
[0523/204325.689:WARNING:pe_image_reader.cc(340)] could not read dos header from C:\WINDOWS\System32\WINTRUST.dll
[0523/204325.689:ERROR:process_memory_win.cc(73)] ReadMemory at 0x7ff901160000 of 64 bytes failed: Ukoñczono tylko czêœæ ¿¹dania ReadProcessMemory lub WriteProcessMemory. (0x12B)
[0523/204325.689:WARNING:pe_image_reader.cc(340)] could not read dos header from C:\WINDOWS\System32\MSASN1.dll
[0523/204325.689:ERROR:process_memory_win.cc(73)] ReadMemory at 0x7ff901730000 of 64 bytes failed: Ukoñczono tylko czêœæ ¿¹dania ReadProcessMemory lub WriteProcessMemory. (0x12B)
[0523/204325.689:WARNING:pe_image_reader.cc(340)] could not read dos header from C:\WINDOWS\System32\CRYPT32.dll
[0523/204325.689:ERROR:process_memory_win.cc(73)] ReadMemory at 0x7ff904fa0000 of 64 bytes failed: Ukoñczono tylko czêœæ ¿¹dania ReadProcessMemory lub WriteProcessMemory. (0x12B)
[0523/204325.689:WARNING:pe_image_reader.cc(340)] could not read dos header from C:\WINDOWS\System32\COMDLG32.dll
[0523/204325.689:ERROR:process_memory_win.cc(73)] ReadMemory at 0x7ff9006e0000 of 64 bytes failed: Ukoñczono tylko czêœæ ¿¹dania ReadProcessMemory lub WriteProcessMemory. (0x12B)
[0523/204325.689:WARNING:pe_image_reader.cc(340)] could not read dos header from C:\WINDOWS\SYSTEM32\IPHLPAPI.DLL
[0523/204325.689:ERROR:process_memory_win.cc(73)] ReadMemory at 0x7ff8dddf0000 of 64 bytes failed: Ukoñczono tylko czêœæ ¿¹dania ReadProcessMemory lub WriteProcessMemory. (0x12B)
[0523/204325.689:WARNING:pe_image_reader.cc(340)] could not read dos header from C:\WINDOWS\SYSTEM32\OLEACC.dll
[0523/204325.690:ERROR:process_memory_win.cc(73)] ReadMemory at 0x7ff8bf5e0000 of 64 bytes failed: Ukoñczono tylko czêœæ ¿¹dania ReadProcessMemory lub WriteProcessMemory. (0x12B)
[0523/204325.690:WARNING:pe_image_reader.cc(340)] could not read dos header from C:\WINDOWS\SYSTEM32\UIAutomationCore.DLL
[0523/204325.690:ERROR:process_memory_win.cc(73)] ReadMemory at 0x7ff8fdca0000 of 64 bytes failed: Ukoñczono tylko czêœæ ¿¹dania ReadProcessMemory lub WriteProcessMemory. (0x12B)
[0523/204325.690:WARNING:pe_image_reader.cc(340)] could not read dos header from C:\WINDOWS\SYSTEM32\WTSAPI32.dll
[0523/204325.690:ERROR:process_memory_win.cc(73)] ReadMemory at 0x7ff8cebc0000 of 64 bytes failed: Ukoñczono tylko czêœæ ¿¹dania ReadProcessMemory lub WriteProcessMemory. (0x12B)
[0523/204325.690:WARNING:pe_image_reader.cc(340)] could not read dos header from C:\WINDOWS\SYSTEM32\DWrite.dll
[0523/204325.690:ERROR:process_memory_win.cc(73)] ReadMemory at 0x7ff8fffb0000 of 64 bytes failed: Ukoñczono tylko czêœæ ¿¹dania ReadProcessMemory lub WriteProcessMemory. (0x12B)
[0523/204325.690:WARNING:pe_image_reader.cc(340)] could not read dos header from C:\WINDOWS\SYSTEM32\dxgi.dll
[0523/204325.690:ERROR:process_memory_win.cc(73)] ReadMemory at 0x7ff8dfb90000 of 64 bytes failed: Ukoñczono tylko czêœæ ¿¹dania ReadProcessMemory lub WriteProcessMemory. (0x12B)
[0523/204325.690:WARNING:pe_image_reader.cc(340)] could not read dos header from C:\WINDOWS\SYSTEM32\WINSPOOL.DRV
[0523/204325.690:ERROR:process_memory_win.cc(73)] ReadMemory at 0x7ff9020d0000 of 64 bytes failed: Ukoñczono tylko czêœæ ¿¹dania ReadProcessMemory lub WriteProcessMemory. (0x12B)
[0523/204325.690:WARNING:pe_image_reader.cc(340)] could not read dos header from C:\WINDOWS\System32\bcrypt.dll
[0523/204325.690:ERROR:process_memory_win.cc(73)] ReadMemory at 0x7ff8f7e20000 of 64 bytes failed: Ukoñczono tylko czêœæ ¿¹dania ReadProcessMemory lub WriteProcessMemory. (0x12B)
[0523/204325.690:WARNING:pe_image_reader.cc(340)] could not read dos header from C:\WINDOWS\SYSTEM32\dbghelp.dll
[0523/204325.690:ERROR:process_memory_win.cc(73)] ReadMemory at 0x7ff8f5940000 of 64 bytes failed: Ukoñczono tylko czêœæ ¿¹dania ReadProcessMemory lub WriteProcessMemory. (0x12B)
[0523/204325.690:WARNING:pe_image_reader.cc(340)] could not read dos header from C:\WINDOWS\WinSxS\amd64_microsoft.windows.common-controls_6595b64144ccf1df_6.0.17763.529_none_05b84068071c8d5a\COMCTL32.dll
[0523/204325.690:ERROR:process_memory_win.cc(73)] ReadMemory at 0x7ff8d64d0000 of 64 bytes failed: Ukoñczono tylko czêœæ ¿¹dania ReadProcessMemory lub WriteProcessMemory. (0x12B)
[0523/204325.690:WARNING:pe_image_reader.cc(340)] could not read dos header from C:\WINDOWS\SYSTEM32\USP10.dll
[0523/204325.690:ERROR:process_memory_win.cc(73)] ReadMemory at 0x7ff8f5bc0000 of 64 bytes failed: Ukoñczono tylko czêœæ ¿¹dania ReadProcessMemory lub WriteProcessMemory. (0x12B)
[0523/204325.690:WARNING:pe_image_reader.cc(340)] could not read dos header from C:\WINDOWS\SYSTEM32\WINHTTP.dll
[0523/204325.691:ERROR:process_memory_win.cc(73)] ReadMemory at 0x7ff8f4540000 of 64 bytes failed: Ukoñczono tylko czêœæ ¿¹dania ReadProcessMemory lub WriteProcessMemory. (0x12B)
[0523/204325.691:WARNING:pe_image_reader.cc(340)] could not read dos header from C:\WINDOWS\SYSTEM32\urlmon.dll
[0523/204325.691:ERROR:process_memory_win.cc(73)] ReadMemory at 0x7ff8f4a60000 of 64 bytes failed: Ukoñczono tylko czêœæ ¿¹dania ReadProcessMemory lub WriteProcessMemory. (0x12B)
[0523/204325.691:WARNING:pe_image_reader.cc(340)] could not read dos header from C:\WINDOWS\SYSTEM32\Secur32.dll
[0523/204325.691:ERROR:process_memory_win.cc(73)] ReadMemory at 0x7ff8f92e0000 of 64 bytes failed: Ukoñczono tylko czêœæ ¿¹dania ReadProcessMemory lub WriteProcessMemory. (0x12B)
[0523/204325.691:WARNING:pe_image_reader.cc(340)] could not read dos header from C:\WINDOWS\SYSTEM32\dhcpcsvc.DLL
[0523/204325.691:ERROR:process_memory_win.cc(73)] ReadMemory at 0x7ff902ab0000 of 64 bytes failed: Ukoñczono tylko czêœæ ¿¹dania ReadProcessMemory lub WriteProcessMemory. (0x12B)
[0523/204325.691:WARNING:pe_image_reader.cc(340)] could not read dos header from C:\WINDOWS\System32\NSI.dll
[0523/204325.691:ERROR:process_memory_win.cc(73)] ReadMemory at 0x7ff8e09d0000 of 64 bytes failed: Ukoñczono tylko czêœæ ¿¹dania ReadProcessMemory lub WriteProcessMemory. (0x12B)
[0523/204325.691:WARNING:pe_image_reader.cc(340)] could not read dos header from C:\WINDOWS\SYSTEM32\Bcp47Langs.dll
[0523/204325.691:ERROR:process_memory_win.cc(73)] ReadMemory at 0x7ff8fdac0000 of 64 bytes failed: Ukoñczono tylko czêœæ ¿¹dania ReadProcessMemory lub WriteProcessMemory. (0x12B)
[0523/204325.691:WARNING:pe_image_reader.cc(340)] could not read dos header from C:\WINDOWS\SYSTEM32\PROPSYS.dll
[0523/204325.691:ERROR:process_memory_win.cc(73)] ReadMemory at 0x7ff8f5cc0000 of 64 bytes failed: Ukoñczono tylko czêœæ ¿¹dania ReadProcessMemory lub WriteProcessMemory. (0x12B)
[0523/204325.691:WARNING:pe_image_reader.cc(340)] could not read dos header from C:\WINDOWS\SYSTEM32\iertutil.dll
[0523/204325.691:ERROR:process_memory_win.cc(73)] ReadMemory at 0x7ff901090000 of 64 bytes failed: Ukoñczono tylko czêœæ ¿¹dania ReadProcessMemory lub WriteProcessMemory. (0x12B)
[0523/204325.691:WARNING:pe_image_reader.cc(340)] could not read dos header from C:\WINDOWS\SYSTEM32\SSPICLI.DLL
[0523/204325.711:ERROR:process_memory_win.cc(73)] ReadMemory at 0x74583f6000 of 40960 bytes failed: Ukoñczono tylko czêœæ ¿¹dania ReadProcessMemory lub WriteProcessMemory. (0x12B)
[0523/204325.712:ERROR:process_memory_win.cc(73)] ReadMemory at 0x74585fd000 of 12288 bytes failed: Ukoñczono tylko czêœæ ¿¹dania ReadProcessMemory lub WriteProcessMemory. (0x12B)
[0523/204325.712:ERROR:process_memory_win.cc(73)] ReadMemory at 0x74587fb000 of 20480 bytes failed: Ukoñczono tylko czêœæ ¿¹dania ReadProcessMemory lub WriteProcessMemory. (0x12B)
[0523/204325.712:ERROR:process_memory_win.cc(73)] ReadMemory at 0x74589fc000 of 16384 bytes failed: Ukoñczono tylko czêœæ ¿¹dania ReadProcessMemory lub WriteProcessMemory. (0x12B)
[0523/204325.712:ERROR:process_memory_win.cc(73)] ReadMemory at 0x7458bfc000 of 16384 bytes failed: Ukoñczono tylko czêœæ ¿¹dania ReadProcessMemory lub WriteProcessMemory. (0x12B)
[0523/204325.712:ERROR:process_memory_win.cc(73)] ReadMemory at 0x7458dfe000 of 8192 bytes failed: Ukoñczono tylko czêœæ ¿¹dania ReadProcessMemory lub WriteProcessMemory. (0x12B)
[0523/204325.712:ERROR:process_memory_win.cc(73)] ReadMemory at 0x7458ffd000 of 12288 bytes failed: Ukoñczono tylko czêœæ ¿¹dania ReadProcessMemory lub WriteProcessMemory. (0x12B)
[0523/204325.712:ERROR:process_memory_win.cc(73)] ReadMemory at 0x74591fb000 of 20480 bytes failed: Ukoñczono tylko czêœæ ¿¹dania ReadProcessMemory lub WriteProcessMemory. (0x12B)
[0523/204325.712:ERROR:process_memory_win.cc(73)] ReadMemory at 0x74593fd000 of 12288 bytes failed: Ukoñczono tylko czêœæ ¿¹dania ReadProcessMemory lub WriteProcessMemory. (0x12B)
[0523/204325.712:ERROR:process_memory_win.cc(73)] ReadMemory at 0x74595fd000 of 12288 bytes failed: Ukoñczono tylko czêœæ ¿¹dania ReadProcessMemory lub WriteProcessMemory. (0x12B)
[0523/204325.713:ERROR:process_memory_win.cc(73)] ReadMemory at 0x74597fd000 of 12288 bytes failed: Ukoñczono tylko czêœæ ¿¹dania ReadProcessMemory lub WriteProcessMemory. (0x12B)
[0523/204325.713:ERROR:process_memory_win.cc(73)] ReadMemory at 0x74599fd000 of 12288 bytes failed: Ukoñczono tylko czêœæ ¿¹dania ReadProcessMemory lub WriteProcessMemory. (0x12B)
[0523/204325.713:ERROR:process_memory_win.cc(73)] ReadMemory at 0x7459bfd000 of 12288 bytes failed: Ukoñczono tylko czêœæ ¿¹dania ReadProcessMemory lub WriteProcessMemory. (0x12B)
[0523/204325.713:ERROR:process_memory_win.cc(73)] ReadMemory at 0x7459dfe000 of 8192 bytes failed: Ukoñczono tylko czêœæ ¿¹dania ReadProcessMemory lub WriteProcessMemory. (0x12B)
[0523/204325.713:ERROR:process_memory_win.cc(73)] ReadMemory at 0x7459fff000 of 4096 bytes failed: Ukoñczono tylko czêœæ ¿¹dania ReadProcessMemory lub WriteProcessMemory. (0x12B)
[0523/204325.713:ERROR:process_memory_win.cc(73)] ReadMemory at 0x74580ee000 of 852 bytes failed: Ukoñczono tylko czêœæ ¿¹dania ReadProcessMemory lub WriteProcessMemory. (0x12B)
[0523/204325.713:ERROR:process_memory_win.cc(73)] ReadMemory at 0x74580ef000 of 6024 bytes failed: Ukoñczono tylko czêœæ ¿¹dania ReadProcessMemory lub WriteProcessMemory. (0x12B)
[0523/204325.713:ERROR:process_memory_win.cc(73)] ReadMemory at 0x74580f1000 of 6024 bytes failed: Ukoñczono tylko czêœæ ¿¹dania ReadProcessMemory lub WriteProcessMemory. (0x12B)
[0523/204325.714:ERROR:process_memory_win.cc(73)] ReadMemory at 0x74580f3000 of 6024 bytes failed: Ukoñczono tylko czêœæ ¿¹dania ReadProcessMemory lub WriteProcessMemory. (0x12B)
[0523/204325.714:ERROR:process_memory_win.cc(73)] ReadMemory at 0x74580f5000 of 6024 bytes failed: Ukoñczono tylko czêœæ ¿¹dania ReadProcessMemory lub WriteProcessMemory. (0x12B)
[0523/204325.714:ERROR:process_memory_win.cc(73)] ReadMemory at 0x74580f7000 of 6024 bytes failed: Ukoñczono tylko czêœæ ¿¹dania ReadProcessMemory lub WriteProcessMemory. (0x12B)
[0523/204325.714:ERROR:process_memory_win.cc(73)] ReadMemory at 0x74580f9000 of 6024 bytes failed: Ukoñczono tylko czêœæ ¿¹dania ReadProcessMemory lub WriteProcessMemory. (0x12B)
[0523/204325.714:ERROR:process_memory_win.cc(73)] ReadMemory at 0x74580fb000 of 6024 bytes failed: Ukoñczono tylko czêœæ ¿¹dania ReadProcessMemory lub WriteProcessMemory. (0x12B)
[0523/204325.714:ERROR:process_memory_win.cc(73)] ReadMemory at 0x74580fd000 of 6024 bytes failed: Ukoñczono tylko czêœæ ¿¹dania ReadProcessMemory lub WriteProcessMemory. (0x12B)
[0523/204325.714:ERROR:process_memory_win.cc(73)] ReadMemory at 0x74580ff000 of 6024 bytes failed: Ukoñczono tylko czêœæ ¿¹dania ReadProcessMemory lub WriteProcessMemory. (0x12B)
[0523/204325.714:ERROR:process_memory_win.cc(73)] ReadMemory at 0x7458101000 of 6024 bytes failed: Ukoñczono tylko czêœæ ¿¹dania ReadProcessMemory lub WriteProcessMemory. (0x12B)
[0523/204325.714:ERROR:process_memory_win.cc(73)] ReadMemory at 0x7458103000 of 6024 bytes failed: Ukoñczono tylko czêœæ ¿¹dania ReadProcessMemory lub WriteProcessMemory. (0x12B)
[0523/204325.715:ERROR:process_memory_win.cc(73)] ReadMemory at 0x7458105000 of 6024 bytes failed: Ukoñczono tylko czêœæ ¿¹dania ReadProcessMemory lub WriteProcessMemory. (0x12B)
[0523/204325.715:ERROR:process_memory_win.cc(73)] ReadMemory at 0x7458107000 of 6024 bytes failed: Ukoñczono tylko czêœæ ¿¹dania ReadProcessMemory lub WriteProcessMemory. (0x12B)
[0523/204325.715:ERROR:process_memory_win.cc(73)] ReadMemory at 0x7458109000 of 6024 bytes failed: Ukoñczono tylko czêœæ ¿¹dania ReadProcessMemory lub WriteProcessMemory. (0x12B)
[0523/204325.715:ERROR:process_memory_win.cc(73)] ReadMemory at 0x745810b000 of 6024 bytes failed: Ukoñczono tylko czêœæ ¿¹dania ReadProcessMemory lub WriteProcessMemory. (0x12B)
[0523/204325.715:ERROR:process_memory_win.cc(73)] ReadMemory at 0x2613b5f0750 of 60 bytes failed: Ukoñczono tylko czêœæ ¿¹dania ReadProcessMemory lub WriteProcessMemory. (0x12B)
[0523/204325.715:ERROR:process_memory_win.cc(73)] ReadMemory at 0x2613b5f0fe0 of 8284 bytes failed: Ukoñczono tylko czêœæ ¿¹dania ReadProcessMemory lub WriteProcessMemory. (0x12B)
[0523/204325.716:ERROR:process_memory_win.cc(73)] ReadMemory at 0x2613b5f3050 of 1012 bytes failed: Ukoñczono tylko czêœæ ¿¹dania ReadProcessMemory lub WriteProcessMemory. (0x12B)
[0523/204325.716:ERROR:process_memory_win.cc(73)] ReadMemory at 0x2613b5f3678 of 118 bytes failed: Ukoñczono tylko czêœæ ¿¹dania ReadProcessMemory lub WriteProcessMemory. (0x12B)
[0523/204325.716:ERROR:process_memory_win.cc(73)] ReadMemory at 0x2613b5f36f0 of 1398 bytes failed: Ukoñczono tylko czêœæ ¿¹dania ReadProcessMemory lub WriteProcessMemory. (0x12B)
[0523/204325.716:ERROR:process_memory_win.cc(73)] ReadMemory at 0x2613b5f3c68 of 118 bytes failed: Ukoñczono tylko czêœæ ¿¹dania ReadProcessMemory lub WriteProcessMemory. (0x12B)
[0523/204325.716:ERROR:process_memory_win.cc(73)] ReadMemory at 0x2613b5f3ce0 of 96 bytes failed: Ukoñczono tylko czêœæ ¿¹dania ReadProcessMemory lub WriteProcessMemory. (0x12B)
[0523/204325.716:ERROR:process_memory_win.cc(73)] ReadMemory at 0x2613b5f3d50 of 58 bytes failed: Ukoñczono tylko czêœæ ¿¹dania ReadProcessMemory lub WriteProcessMemory. (0x12B)
[0523/204325.716:ERROR:process_memory_win.cc(73)] ReadMemory at 0x2613b5f3e50 of 132 bytes failed: Ukoñczono tylko czêœæ ¿¹dania ReadProcessMemory lub WriteProcessMemory. (0x12B)
[0523/204325.716:ERROR:process_memory_win.cc(73)] ReadMemory at 0x2613b5f3fe0 of 132 bytes failed: Ukoñczono tylko czêœæ ¿¹dania ReadProcessMemory lub WriteProcessMemory. (0x12B)
[0523/204325.716:ERROR:process_memory_win.cc(73)] ReadMemory at 0x2613b5f41a0 of 126 bytes failed: Ukoñczono tylko czêœæ ¿¹dania ReadProcessMemory lub WriteProcessMemory. (0x12B)
[0523/204325.716:ERROR:process_memory_win.cc(73)] ReadMemory at 0x2613b5f4580 of 132 bytes failed: Ukoñczono tylko czêœæ ¿¹dania ReadProcessMemory lub WriteProcessMemory. (0x12B)
[0523/204325.716:ERROR:process_memory_win.cc(73)] ReadMemory at 0x2613b5f4710 of 64 bytes failed: Ukoñczono tylko czêœæ ¿¹dania ReadProcessMemory lub WriteProcessMemory. (0x12B)
[0523/204325.717:ERROR:process_memory_win.cc(73)] ReadMemory at 0x2613b5f4a80 of 62 bytes failed: Ukoñczono tylko czêœæ ¿¹dania ReadProcessMemory lub WriteProcessMemory. (0x12B)
[0523/204325.717:ERROR:process_memory_win.cc(73)] ReadMemory at 0x2613b5f4b70 of 132 bytes failed: Ukoñczono tylko czêœæ ¿¹dania ReadProcessMemory lub WriteProcessMemory. (0x12B)
[0523/204325.717:ERROR:process_memory_win.cc(73)] ReadMemory at 0x2613b5f4d00 of 68 bytes failed: Ukoñczono tylko czêœæ ¿¹dania ReadProcessMemory lub WriteProcessMemory. (0x12B)
[0523/204325.717:ERROR:process_memory_win.cc(73)] ReadMemory at 0x2613b5f5e30 of 132 bytes failed: Ukoñczono tylko czêœæ ¿¹dania ReadProcessMemory lub WriteProcessMemory. (0x12B)
[0523/204325.717:ERROR:process_memory_win.cc(73)] ReadMemory at 0x2613b5f8f80 of 132 bytes failed: Ukoñczono tylko czêœæ ¿¹dania ReadProcessMemory lub WriteProcessMemory. (0x12B)
[0523/204325.717:ERROR:process_memory_win.cc(73)] ReadMemory at 0x2613b5f91c0 of 132 bytes failed: Ukoñczono tylko czêœæ ¿¹dania ReadProcessMemory lub WriteProcessMemory. (0x12B)
[0523/204325.717:ERROR:process_memory_win.cc(73)] ReadMemory at 0x2613b5f9350 of 62 bytes failed: Ukoñczono tylko czêœæ ¿¹dania ReadProcessMemory lub WriteProcessMemory. (0x12B)
[0523/204325.717:ERROR:process_memory_win.cc(73)] ReadMemory at 0x2613b5faad0 of 132 bytes failed: Ukoñczono tylko czêœæ ¿¹dania ReadProcessMemory lub WriteProcessMemory. (0x12B)
[0523/204325.717:ERROR:process_memory_win.cc(73)] ReadMemory at 0x2613b5fac60 of 60 bytes failed: Ukoñczono tylko czêœæ ¿¹dania ReadProcessMemory lub WriteProcessMemory. (0x12B)
[0523/204325.717:ERROR:process_memory_win.cc(73)] ReadMemory at 0x2613b5facb0 of 158 bytes failed: Ukoñczono tylko czêœæ ¿¹dania ReadProcessMemory lub WriteProcessMemory. (0x12B)
[0523/204325.717:ERROR:process_memory_win.cc(73)] ReadMemory at 0x2613b5faeb0 of 132 bytes failed: Ukoñczono tylko czêœæ ¿¹dania ReadProcessMemory lub WriteProcessMemory. (0x12B)
[0523/204325.717:ERROR:process_memory_win.cc(73)] ReadMemory at 0x2613b5fb040 of 64 bytes failed: Ukoñczono tylko czêœæ ¿¹dania ReadProcessMemory lub WriteProcessMemory. (0x12B)
[0523/204325.717:ERROR:process_memory_win.cc(73)] ReadMemory at 0x2613b5fb2c0 of 132 bytes failed: Ukoñczono tylko czêœæ ¿¹dania ReadProcessMemory lub WriteProcessMemory. (0x12B)
[0523/204325.717:ERROR:process_memory_win.cc(73)] ReadMemory at 0x2613b5fb450 of 64 bytes failed: Ukoñczono tylko czêœæ ¿¹dania ReadProcessMemory lub WriteProcessMemory. (0x12B)
[0523/204325.717:ERROR:process_memory_win.cc(73)] ReadMemory at 0x2613b5fb6b0 of 132 bytes failed: Ukoñczono tylko czêœæ ¿¹dania ReadProcessMemory lub WriteProcessMemory. (0x12B)
[0523/204325.717:ERROR:process_memory_win.cc(73)] ReadMemory at 0x2613b5fb840 of 60 bytes failed: Ukoñczono tylko czêœæ ¿¹dania ReadProcessMemory lub WriteProcessMemory. (0x12B)
[0523/204325.718:ERROR:process_memory_win.cc(73)] ReadMemory at 0x2613b5fbb50 of 132 bytes failed: Ukoñczono tylko czêœæ ¿¹dania ReadProcessMemory lub WriteProcessMemory. (0x12B)
[0523/204325.718:ERROR:process_memory_win.cc(73)] ReadMemory at 0x2613b5fe360 of 132 bytes failed: Ukoñczono tylko czêœæ ¿¹dania ReadProcessMemory lub WriteProcessMemory. (0x12B)
[0523/204325.718:ERROR:process_memory_win.cc(73)] ReadMemory at 0x2613b5fe490 of 62 bytes failed: Ukoñczono tylko czêœæ ¿¹dania ReadProcessMemory lub WriteProcessMemory. (0x12B)
[0523/204325.718:ERROR:process_memory_win.cc(73)] ReadMemory at 0x2613b5fe7e0 of 132 bytes failed: Ukoñczono tylko czêœæ ¿¹dania ReadProcessMemory lub WriteProcessMemory. (0x12B)
[0523/204325.718:ERROR:process_memory_win.cc(73)] ReadMemory at 0x2613b5fed20 of 76 bytes failed: Ukoñczono tylko czêœæ ¿¹dania ReadProcessMemory lub WriteProcessMemory. (0x12B)
[0523/204325.718:ERROR:process_memory_win.cc(73)] ReadMemory at 0x2613b5ff020 of 80 bytes failed: Ukoñczono tylko czêœæ ¿¹dania ReadProcessMemory lub WriteProcessMemory. (0x12B)
[0523/204325.718:ERROR:process_memory_win.cc(73)] ReadMemory at 0x2613b5ff080 of 78 bytes failed: Ukoñczono tylko czêœæ ¿¹dania ReadProcessMemory lub WriteProcessMemory. (0x12B)
[0523/204325.718:ERROR:process_memory_win.cc(73)] ReadMemory at 0x2613b5ff6e0 of 132 bytes failed: Ukoñczono tylko czêœæ ¿¹dania ReadProcessMemory lub WriteProcessMemory. (0x12B)
[0523/204325.718:ERROR:process_memory_win.cc(73)] ReadMemory at 0x2613b600020 of 132 bytes failed: Ukoñczono tylko czêœæ ¿¹dania ReadProcessMemory lub WriteProcessMemory. (0x12B)
[0523/204325.718:ERROR:process_memory_win.cc(73)] ReadMemory at 0x2613b6001a0 of 64 bytes failed: Ukoñczono tylko czêœæ ¿¹dania ReadProcessMemory lub WriteProcessMemory. (0x12B)
[0523/204325.719:ERROR:process_memory_win.cc(73)] ReadMemory at 0x2613b600290 of 62 bytes failed: Ukoñczono tylko czêœæ ¿¹dania ReadProcessMemory lub WriteProcessMemory. (0x12B)
[0523/204325.719:ERROR:process_memory_win.cc(73)] ReadMemory at 0x2613b6002e0 of 58 bytes failed: Ukoñczono tylko czêœæ ¿¹dania ReadProcessMemory lub WriteProcessMemory. (0x12B)
[0523/204325.719:ERROR:process_memory_win.cc(73)] ReadMemory at 0x2613b600380 of 66 bytes failed: Ukoñczono tylko czêœæ ¿¹dania ReadProcessMemory lub WriteProcessMemory. (0x12B)
[0523/204325.719:ERROR:process_memory_win.cc(73)] ReadMemory at 0x2613b600470 of 64 bytes failed: Ukoñczono tylko czêœæ ¿¹dania ReadProcessMemory lub WriteProcessMemory. (0x12B)
[0523/204325.719:ERROR:process_memory_win.cc(73)] ReadMemory at 0x2613b600510 of 60 bytes failed: Ukoñczono tylko czêœæ ¿¹dania ReadProcessMemory lub WriteProcessMemory. (0x12B)
[0523/204325.719:ERROR:process_memory_win.cc(73)] ReadMemory at 0x2613b600560 of 66 bytes failed: Ukoñczono tylko czêœæ ¿¹dania ReadProcessMemory lub WriteProcessMemory. (0x12B)
[0523/204325.719:ERROR:process_memory_win.cc(73)] ReadMemory at 0x2613b600650 of 62 bytes failed: Ukoñczono tylko czêœæ ¿¹dania ReadProcessMemory lub WriteProcessMemory. (0x12B)
[0523/204325.719:ERROR:process_memory_win.cc(73)] ReadMemory at 0x2613b6006a0 of 62 bytes failed: Ukoñczono tylko czêœæ ¿¹dania ReadProcessMemory lub WriteProcessMemory. (0x12B)
[0523/204325.719:ERROR:process_memory_win.cc(73)] ReadMemory at 0x2613b6006f0 of 58 bytes failed: Ukoñczono tylko czêœæ ¿¹dania ReadProcessMemory lub WriteProcessMemory. (0x12B)
[0523/204325.719:ERROR:process_memory_win.cc(73)] ReadMemory at 0x2613b600740 of 60 bytes failed: Ukoñczono tylko czêœæ ¿¹dania ReadProcessMemory lub WriteProcessMemory. (0x12B)
[0523/204325.719:ERROR:process_memory_win.cc(73)] ReadMemory at 0x2613b6007e0 of 62 bytes failed: Ukoñczono tylko czêœæ ¿¹dania ReadProcessMemory lub WriteProcessMemory. (0x12B)
[0523/204325.720:ERROR:process_memory_win.cc(73)] ReadMemory at 0x2613b600830 of 62 bytes failed: Ukoñczono tylko czêœæ ¿¹dania ReadProcessMemory lub WriteProcessMemory. (0x12B)
[0523/204325.720:ERROR:process_memory_win.cc(73)] ReadMemory at 0x2613b600880 of 62 bytes failed: Ukoñczono tylko czêœæ ¿¹dania ReadProcessMemory lub WriteProcessMemory. (0x12B)
[0523/204325.720:ERROR:process_memory_win.cc(73)] ReadMemory at 0x2613b600b50 of 132 bytes failed: Ukoñczono tylko czêœæ ¿¹dania ReadProcessMemory lub WriteProcessMemory. (0x12B)
[0523/204325.720:ERROR:process_memory_win.cc(73)] ReadMemory at 0x2613b601de0 of 132 bytes failed: Ukoñczono tylko czêœæ ¿¹dania ReadProcessMemory lub WriteProcessMemory. (0x12B)
[0523/204325.720:ERROR:process_memory_win.cc(73)] ReadMemory at 0x2613b601f10 of 132 bytes failed: Ukoñczono tylko czêœæ ¿¹dania ReadProcessMemory lub WriteProcessMemory. (0x12B)
[0523/204325.720:ERROR:process_memory_win.cc(73)] ReadMemory at 0x2613b602040 of 132 bytes failed: Ukoñczono tylko czêœæ ¿¹dania ReadProcessMemory lub WriteProcessMemory. (0x12B)
[0523/204325.720:ERROR:process_memory_win.cc(73)] ReadMemory at 0x2613b602170 of 132 bytes failed: Ukoñczono tylko czêœæ ¿¹dania ReadProcessMemory lub WriteProcessMemory. (0x12B)
[0523/204325.720:ERROR:process_memory_win.cc(73)] ReadMemory at 0x2613b6022a0 of 132 bytes failed: Ukoñczono tylko czêœæ ¿¹dania ReadProcessMemory lub WriteProcessMemory. (0x12B)
[0523/204325.720:ERROR:process_memory_win.cc(73)] ReadMemory at 0x2613b6023d0 of 132 bytes failed: Ukoñczono tylko czêœæ ¿¹dania ReadProcessMemory lub WriteProcessMemory. (0x12B)
[0523/204325.721:ERROR:process_memory_win.cc(73)] ReadMemory at 0x2613b602500 of 132 bytes failed: Ukoñczono tylko czêœæ ¿¹dania ReadProcessMemory lub WriteProcessMemory. (0x12B)
[0523/204325.721:ERROR:process_memory_win.cc(73)] ReadMemory at 0x2613b602630 of 132 bytes failed: Ukoñczono tylko czêœæ ¿¹dania ReadProcessMemory lub WriteProcessMemory. (0x12B)
[0523/204325.721:ERROR:process_memory_win.cc(73)] ReadMemory at 0x2613b602760 of 132 bytes failed: Ukoñczono tylko czêœæ ¿¹dania ReadProcessMemory lub WriteProcessMemory. (0x12B)
[0523/204325.721:ERROR:process_memory_win.cc(73)] ReadMemory at 0x2613b602890 of 132 bytes failed: Ukoñczono tylko czêœæ ¿¹dania ReadProcessMemory lub WriteProcessMemory. (0x12B)
[0523/204325.721:ERROR:process_memory_win.cc(73)] ReadMemory at 0x2613b6029c0 of 132 bytes failed: Ukoñczono tylko czêœæ ¿¹dania ReadProcessMemory lub WriteProcessMemory. (0x12B)
[0523/204325.721:ERROR:process_memory_win.cc(73)] ReadMemory at 0x2613b602af0 of 132 bytes failed: Ukoñczono tylko czêœæ ¿¹dania ReadProcessMemory lub WriteProcessMemory. (0x12B)
[0523/204325.721:ERROR:process_memory_win.cc(73)] ReadMemory at 0x2613b602c20 of 132 bytes failed: Ukoñczono tylko czêœæ ¿¹dania ReadProcessMemory lub WriteProcessMemory. (0x12B)
[0523/204325.721:ERROR:process_memory_win.cc(73)] ReadMemory at 0x2613b604450 of 154 bytes failed: Ukoñczono tylko czêœæ ¿¹dania ReadProcessMemory lub WriteProcessMemory. (0x12B)
[0523/204325.721:ERROR:process_memory_win.cc(73)] ReadMemory at 0x2613b604e50 of 132 bytes failed: Ukoñczono tylko czêœæ ¿¹dania ReadProcessMemory lub WriteProcessMemory. (0x12B)
[0523/204325.721:ERROR:process_memory_win.cc(73)] ReadMemory at 0x2613b604f80 of 132 bytes failed: Ukoñczono tylko czêœæ ¿¹dania ReadProcessMemory lub WriteProcessMemory. (0x12B)
[0523/204325.722:ERROR:process_memory_win.cc(73)] ReadMemory at 0x2613b6050b0 of 132 bytes failed: Ukoñczono tylko czêœæ ¿¹dania ReadProcessMemory lub WriteProcessMemory. (0x12B)
[0523/204325.722:ERROR:process_memory_win.cc(73)] ReadMemory at 0x2613b6051e0 of 132 bytes failed: Ukoñczono tylko czêœæ ¿¹dania ReadProcessMemory lub WriteProcessMemory. (0x12B)
[0523/204325.722:ERROR:process_memory_win.cc(73)] ReadMemory at 0x2613b605310 of 132 bytes failed: Ukoñczono tylko czêœæ ¿¹dania ReadProcessMemory lub WriteProcessMemory. (0x12B)
[0523/204325.722:ERROR:process_memory_win.cc(73)] ReadMemory at 0x2613b605570 of 132 bytes failed: Ukoñczono tylko czêœæ ¿¹dania ReadProcessMemory lub WriteProcessMemory. (0x12B)
[0523/204325.722:ERROR:process_memory_win.cc(73)] ReadMemory at 0x2613b6056a0 of 132 bytes failed: Ukoñczono tylko czêœæ ¿¹dania ReadProcessMemory lub WriteProcessMemory. (0x12B)
[0523/204325.722:ERROR:process_memory_win.cc(73)] ReadMemory at 0x2613b6057d0 of 132 bytes failed: Ukoñczono tylko czêœæ ¿¹dania ReadProcessMemory lub WriteProcessMemory. (0x12B)
[0523/204325.722:ERROR:process_memory_win.cc(73)] ReadMemory at 0x2613b605900 of 132 bytes failed: Ukoñczono tylko czêœæ ¿¹dania ReadProcessMemory lub WriteProcessMemory. (0x12B)
[0523/204325.723:ERROR:process_memory_win.cc(73)] ReadMemory at 0x2613b605a30 of 132 bytes failed: Ukoñczono tylko czêœæ ¿¹dania ReadProcessMemory lub WriteProcessMemory. (0x12B)
[0523/204325.723:ERROR:process_memory_win.cc(73)] ReadMemory at 0x2613b605b60 of 132 bytes failed: Ukoñczono tylko czêœæ ¿¹dania ReadProcessMemory lub WriteProcessMemory. (0x12B)
[0523/204325.723:ERROR:process_memory_win.cc(73)] ReadMemory at 0x2613b605c90 of 132 bytes failed: Ukoñczono tylko czêœæ ¿¹dania ReadProcessMemory lub WriteProcessMemory. (0x12B)
[0523/204325.723:ERROR:process_memory_win.cc(73)] ReadMemory at 0x2613b605dc0 of 132 bytes failed: Ukoñczono tylko czêœæ ¿¹dania ReadProcessMemory lub WriteProcessMemory. (0x12B)
[0523/204325.723:ERROR:process_memory_win.cc(73)] ReadMemory at 0x2613b605ef0 of 132 bytes failed: Ukoñczono tylko czêœæ ¿¹dania ReadProcessMemory lub WriteProcessMemory. (0x12B)
[0523/204325.723:ERROR:process_memory_win.cc(73)] ReadMemory at 0x2613b606020 of 132 bytes failed: Ukoñczono tylko czêœæ ¿¹dania ReadProcessMemory lub WriteProcessMemory. (0x12B)
[0523/204325.723:ERROR:process_memory_win.cc(73)] ReadMemory at 0x2613b606280 of 132 bytes failed: Ukoñczono tylko czêœæ ¿¹dania ReadProcessMemory lub WriteProcessMemory. (0x12B)
[0523/204325.723:ERROR:process_memory_win.cc(73)] ReadMemory at 0x2613b6063b0 of 132 bytes failed: Ukoñczono tylko czêœæ ¿¹dania ReadProcessMemory lub WriteProcessMemory. (0x12B)
[0523/204325.724:ERROR:process_memory_win.cc(73)] ReadMemory at 0x2613b6064e0 of 132 bytes failed: Ukoñczono tylko czêœæ ¿¹dania ReadProcessMemory lub WriteProcessMemory. (0x12B)
[0523/204325.724:ERROR:process_memory_win.cc(73)] ReadMemory at 0x2613b606610 of 132 bytes failed: Ukoñczono tylko czêœæ ¿¹dania ReadProcessMemory lub WriteProcessMemory. (0x12B)
[0523/204325.724:ERROR:process_memory_win.cc(73)] ReadMemory at 0x2613b606740 of 132 bytes failed: Ukoñczono tylko czêœæ ¿¹dania ReadProcessMemory lub WriteProcessMemory. (0x12B)
[0523/204325.724:ERROR:process_memory_win.cc(73)] ReadMemory at 0x2613b606870 of 132 bytes failed: Ukoñczono tylko czêœæ ¿¹dania ReadProcessMemory lub WriteProcessMemory. (0x12B)
[0523/204325.724:ERROR:process_memory_win.cc(73)] ReadMemory at 0x2613b6069a0 of 132 bytes failed: Ukoñczono tylko czêœæ ¿¹dania ReadProcessMemory lub WriteProcessMemory. (0x12B)
[0523/204325.724:ERROR:process_memory_win.cc(73)] ReadMemory at 0x2613b606ad0 of 132 bytes failed: Ukoñczono tylko czêœæ ¿¹dania ReadProcessMemory lub WriteProcessMemory. (0x12B)
[0523/204325.724:ERROR:process_memory_win.cc(73)] ReadMemory at 0x2613b606c00 of 132 bytes failed: Ukoñczono tylko czêœæ ¿¹dania ReadProcessMemory lub WriteProcessMemory. (0x12B)
[0523/204325.724:ERROR:process_memory_win.cc(73)] ReadMemory at 0x2613b607ac0 of 80 bytes failed: Ukoñczono tylko czêœæ ¿¹dania ReadProcessMemory lub WriteProcessMemory. (0x12B)
[0523/204325.724:ERROR:process_memory_win.cc(73)] ReadMemory at 0x2613b609fa0 of 66 bytes failed: Ukoñczono tylko czêœæ ¿¹dania ReadProcessMemory lub WriteProcessMemory. (0x12B)
[0523/204325.725:ERROR:process_memory_win.cc(73)] ReadMemory at 0x2613b60a9f0 of 58 bytes failed: Ukoñczono tylko czêœæ ¿¹dania ReadProcessMemory lub WriteProcessMemory. (0x12B)
[0523/204325.725:ERROR:process_memory_win.cc(73)] ReadMemory at 0x2613b60ae00 of 66 bytes failed: Ukoñczono tylko czêœæ ¿¹dania ReadProcessMemory lub WriteProcessMemory. (0x12B)
[0523/204325.725:ERROR:process_memory_win.cc(73)] ReadMemory at 0x2613b614f90 of 54 bytes failed: Ukoñczono tylko czêœæ ¿¹dania ReadProcessMemory lub WriteProcessMemory. (0x12B)
[0523/204325.725:ERROR:process_memory_win.cc(73)] ReadMemory at 0x2613b618f60 of 64 bytes failed: Ukoñczono tylko czêœæ ¿¹dania ReadProcessMemory lub WriteProcessMemory. (0x12B)
[0523/204325.725:ERROR:process_memory_win.cc(73)] ReadMemory at 0x2613b6190f0 of 64 bytes failed: Ukoñczono tylko czêœæ ¿¹dania ReadProcessMemory lub WriteProcessMemory. (0x12B)
[0523/204325.725:ERROR:process_memory_win.cc(73)] ReadMemory at 0x2613b619190 of 58 bytes failed: Ukoñczono tylko czêœæ ¿¹dania ReadProcessMemory lub WriteProcessMemory. (0x12B)
[0523/204325.725:ERROR:process_memory_win.cc(73)] ReadMemory at 0x2613b6191e0 of 60 bytes failed: Ukoñczono tylko czêœæ ¿¹dania ReadProcessMemory lub WriteProcessMemory. (0x12B)
[0523/204325.725:ERROR:process_memory_win.cc(73)] ReadMemory at 0x2613b6192d0 of 60 bytes failed: Ukoñczono tylko czêœæ ¿¹dania ReadProcessMemory lub WriteProcessMemory. (0x12B)
[0523/204325.725:ERROR:process_memory_win.cc(73)] ReadMemory at 0x2613b619320 of 60 bytes failed: Ukoñczono tylko czêœæ ¿¹dania ReadProcessMemory lub WriteProcessMemory. (0x12B)
[0523/204325.725:ERROR:process_memory_win.cc(73)] ReadMemory at 0x2613b6193c0 of 64 bytes failed: Ukoñczono tylko czêœæ ¿¹dania ReadProcessMemory lub WriteProcessMemory. (0x12B)
[0523/204325.725:ERROR:process_memory_win.cc(73)] ReadMemory at 0x2613b6194b0 of 62 bytes failed: Ukoñczono tylko czêœæ ¿¹dania ReadProcessMemory lub WriteProcessMemory. (0x12B)
[0523/204325.725:ERROR:process_memory_win.cc(73)] ReadMemory at 0x2613b619550 of 56 bytes failed: Ukoñczono tylko czêœæ ¿¹dania ReadProcessMemory lub WriteProcessMemory. (0x12B)
[0523/204325.725:ERROR:process_memory_win.cc(73)] ReadMemory at 0x2613b6195a0 of 58 bytes failed: Ukoñczono tylko czêœæ ¿¹dania ReadProcessMemory lub WriteProcessMemory. (0x12B)
[0523/204325.725:ERROR:process_memory_win.cc(73)] ReadMemory at 0x2613b6195f0 of 60 bytes failed: Ukoñczono tylko czêœæ ¿¹dania ReadProcessMemory lub WriteProcessMemory. (0x12B)
[0523/204325.726:ERROR:process_memory_win.cc(73)] ReadMemory at 0x2613b619640 of 64 bytes failed: Ukoñczono tylko czêœæ ¿¹dania ReadProcessMemory lub WriteProcessMemory. (0x12B)
[0523/204325.726:ERROR:process_memory_win.cc(73)] ReadMemory at 0x2613b6196e0 of 68 bytes failed: Ukoñczono tylko czêœæ ¿¹dania ReadProcessMemory lub WriteProcessMemory. (0x12B)
[0523/204325.726:ERROR:process_memory_win.cc(73)] ReadMemory at 0x2613b619780 of 64 bytes failed: Ukoñczono tylko czêœæ ¿¹dania ReadProcessMemory lub WriteProcessMemory. (0x12B)
[0523/204325.726:ERROR:process_memory_win.cc(73)] ReadMemory at 0x2613b6197d0 of 62 bytes failed: Ukoñczono tylko czêœæ ¿¹dania ReadProcessMemory lub WriteProcessMemory. (0x12B)
[0523/204325.726:ERROR:process_memory_win.cc(73)] ReadMemory at 0x2613b6199b0 of 64 bytes failed: Ukoñczono tylko czêœæ ¿¹dania ReadProcessMemory lub WriteProcessMemory. (0x12B)
[0523/204325.726:ERROR:process_memory_win.cc(73)] ReadMemory at 0x2613b619a00 of 62 bytes failed: Ukoñczono tylko czêœæ ¿¹dania ReadProcessMemory lub WriteProcessMemory. (0x12B)
[0523/204325.726:ERROR:process_memory_win.cc(73)] ReadMemory at 0x2613b619a50 of 60 bytes failed: Ukoñczono tylko czêœæ ¿¹dania ReadProcessMemory lub WriteProcessMemory. (0x12B)
[0523/204325.726:ERROR:process_memory_win.cc(73)] ReadMemory at 0x2613b619aa0 of 60 bytes failed: Ukoñczono tylko czêœæ ¿¹dania ReadProcessMemory lub WriteProcessMemory. (0x12B)
[0523/204325.726:ERROR:process_memory_win.cc(73)] ReadMemory at 0x2613b619b40 of 62 bytes failed: Ukoñczono tylko czêœæ ¿¹dania ReadProcessMemory lub WriteProcessMemory. (0x12B)
[0523/204325.726:ERROR:process_memory_win.cc(73)] ReadMemory at 0x2613b619be0 of 62 bytes failed: Ukoñczono tylko czêœæ ¿¹dania ReadProcessMemory lub WriteProcessMemory. (0x12B)
[0523/204325.726:ERROR:process_memory_win.cc(73)] ReadMemory at 0x2613b619c30 of 64 bytes failed: Ukoñczono tylko czêœæ ¿¹dania ReadProcessMemory lub WriteProcessMemory. (0x12B)
[0523/204325.726:ERROR:process_memory_win.cc(73)] ReadMemory at 0x2613b619dc0 of 64 bytes failed: Ukoñczono tylko czêœæ ¿¹dania ReadProcessMemory lub WriteProcessMemory. (0x12B)
[0523/204325.726:ERROR:process_memory_win.cc(73)] ReadMemory at 0x2613b619e10 of 62 bytes failed: Ukoñczono tylko czêœæ ¿¹dania ReadProcessMemory lub WriteProcessMemory. (0x12B)
[0523/204325.726:ERROR:process_memory_win.cc(73)] ReadMemory at 0x2613b61f690 of 132 bytes failed: Ukoñczono tylko czêœæ ¿¹dania ReadProcessMemory lub WriteProcessMemory. (0x12B)
[0523/204325.726:ERROR:process_memory_win.cc(73)] ReadMemory at 0x2613b61fb50 of 132 bytes failed: Ukoñczono tylko czêœæ ¿¹dania ReadProcessMemory lub WriteProcessMemory. (0x12B)
[0523/204325.727:ERROR:process_memory_win.cc(73)] ReadMemory at 0x2613b620270 of 132 bytes failed: Ukoñczono tylko czêœæ ¿¹dania ReadProcessMemory lub WriteProcessMemory. (0x12B)
[0523/204325.727:ERROR:process_memory_win.cc(73)] ReadMemory at 0x2613b620600 of 132 bytes failed: Ukoñczono tylko czêœæ ¿¹dania ReadProcessMemory lub WriteProcessMemory. (0x12B)
[0523/204325.727:ERROR:process_memory_win.cc(73)] ReadMemory at 0x2613b620990 of 132 bytes failed: Ukoñczono tylko czêœæ ¿¹dania ReadProcessMemory lub WriteProcessMemory. (0x12B)
[0523/204325.727:ERROR:process_memory_win.cc(73)] ReadMemory at 0x2613b620d20 of 132 bytes failed: Ukoñczono tylko czêœæ ¿¹dania ReadProcessMemory lub WriteProcessMemory. (0x12B)
[0523/204325.727:ERROR:process_memory_win.cc(73)] ReadMemory at 0x2613b620e50 of 132 bytes failed: Ukoñczono tylko czêœæ ¿¹dania ReadProcessMemory lub WriteProcessMemory. (0x12B)
[0523/204325.727:ERROR:process_memory_win.cc(73)] ReadMemory at 0x2613b621750 of 246 bytes failed: Ukoñczono tylko czêœæ ¿¹dania ReadProcessMemory lub WriteProcessMemory. (0x12B)
[0523/204325.727:ERROR:process_memory_win.cc(73)] ReadMemory at 0x2613b63ccb0 of 512 bytes failed: Ukoñczono tylko czêœæ ¿¹dania ReadProcessMemory lub WriteProcessMemory. (0x12B)
[0523/204325.727:ERROR:process_memory_win.cc(73)] ReadMemory at 0x2613b63dbe0 of 512 bytes failed: Ukoñczono tylko czêœæ ¿¹dania ReadProcessMemory lub WriteProcessMemory. (0x12B)
[0523/204325.727:ERROR:process_memory_win.cc(73)] ReadMemory at 0x2613bc00ea0 of 512 bytes failed: Ukoñczono tylko czêœæ ¿¹dania ReadProcessMemory lub WriteProcessMemory. (0x12B)
[0523/204325.727:ERROR:process_memory_win.cc(73)] ReadMemory at 0x2613c2a7ec0 of 512 bytes failed: Ukoñczono tylko czêœæ ¿¹dania ReadProcessMemory lub WriteProcessMemory. (0x12B)
[0523/204325.727:ERROR:process_memory_win.cc(73)] ReadMemory at 0x2613c2e0e00 of 512 bytes failed: Ukoñczono tylko czêœæ ¿¹dania ReadProcessMemory lub WriteProcessMemory. (0x12B)
[0523/204325.728:ERROR:process_memory_win.cc(73)] ReadMemory at 0x2613c2e2250 of 512 bytes failed: Ukoñczono tylko czêœæ ¿¹dania ReadProcessMemory lub WriteProcessMemory. (0x12B)
[0523/204325.728:ERROR:process_memory_win.cc(73)] ReadMemory at 0x2613c2e6cb0 of 512 bytes failed: Ukoñczono tylko czêœæ ¿¹dania ReadProcessMemory lub WriteProcessMemory. (0x12B)
[0523/204325.728:ERROR:process_memory_win.cc(73)] ReadMemory at 0x2613c305330 of 512 bytes failed: Ukoñczono tylko czêœæ ¿¹dania ReadProcessMemory lub WriteProcessMemory. (0x12B)
[0523/204325.728:ERROR:process_memory_win.cc(73)] ReadMemory at 0x2613c311360 of 696 bytes failed: Ukoñczono tylko czêœæ ¿¹dania ReadProcessMemory lub WriteProcessMemory. (0x12B)
[0523/204325.728:ERROR:process_memory_win.cc(73)] ReadMemory at 0x2613c323210 of 512 bytes failed: Ukoñczono tylko czêœæ ¿¹dania ReadProcessMemory lub WriteProcessMemory. (0x12B)
[0523/204325.728:ERROR:process_memory_win.cc(73)] ReadMemory at 0x2613c324d10 of 512 bytes failed: Ukoñczono tylko czêœæ ¿¹dania ReadProcessMemory lub WriteProcessMemory. (0x12B)
[0523/204325.728:ERROR:process_memory_win.cc(73)] ReadMemory at 0x2613de561d0 of 512 bytes failed: Ukoñczono tylko czêœæ ¿¹dania ReadProcessMemory lub WriteProcessMemory. (0x12B)
[0523/204325.728:ERROR:process_memory_win.cc(73)] ReadMemory at 0x2613de56b70 of 512 bytes failed: Ukoñczono tylko czêœæ ¿¹dania ReadProcessMemory lub WriteProcessMemory. (0x12B)
[0523/204325.728:ERROR:process_memory_win.cc(73)] ReadMemory at 0x2613de57170 of 512 bytes failed: Ukoñczono tylko czêœæ ¿¹dania ReadProcessMemory lub WriteProcessMemory. (0x12B)
[0523/204325.728:ERROR:process_memory_win.cc(73)] ReadMemory at 0x2613de667e0 of 512 bytes failed: Ukoñczono tylko czêœæ ¿¹dania ReadProcessMemory lub WriteProcessMemory. (0x12B)
[0523/204325.728:ERROR:process_memory_win.cc(73)] ReadMemory at 0x2613df193e0 of 512 bytes failed: Ukoñczono tylko czêœæ ¿¹dania ReadProcessMemory lub WriteProcessMemory. (0x12B)
[0523/204325.728:ERROR:process_memory_win.cc(73)] ReadMemory at 0x2613df4dad0 of 512 bytes failed: Ukoñczono tylko czêœæ ¿¹dania ReadProcessMemory lub WriteProcessMemory. (0x12B)
[0523/204325.728:ERROR:process_memory_win.cc(73)] ReadMemory at 0x2613dfc5d80 of 512 bytes failed: Ukoñczono tylko czêœæ ¿¹dania ReadProcessMemory lub WriteProcessMemory. (0x12B)
[0523/204325.728:ERROR:process_memory_win.cc(73)] ReadMemory at 0x2613dfd7b00 of 512 bytes failed: Ukoñczono tylko czêœæ ¿¹dania ReadProcessMemory lub WriteProcessMemory. (0x12B)
[0523/204325.728:ERROR:process_memory_win.cc(73)] ReadMemory at 0x2613dfe0240 of 512 bytes failed: Ukoñczono tylko czêœæ ¿¹dania ReadProcessMemory lub WriteProcessMemory. (0x12B)
[0523/204325.728:ERROR:process_memory_win.cc(73)] ReadMemory at 0x2613e136d80 of 760 bytes failed: Ukoñczono tylko czêœæ ¿¹dania ReadProcessMemory lub WriteProcessMemory. (0x12B)
[0523/204325.729:ERROR:process_memory_win.cc(73)] ReadMemory at 0xb00938d0000 of 384 bytes failed: Ukoñczono tylko czêœæ ¿¹dania ReadProcessMemory lub WriteProcessMemory. (0x12B)
[0523/204325.729:ERROR:process_memory_win.cc(73)] ReadMemory at 0xb00939040c1 of 512 bytes failed: Ukoñczono tylko czêœæ ¿¹dania ReadProcessMemory lub WriteProcessMemory. (0x12B)
[0523/204325.729:ERROR:process_memory_win.cc(73)] ReadMemory at 0x14749149d100 of 512 bytes failed: Ukoñczono tylko czêœæ ¿¹dania ReadProcessMemory lub WriteProcessMemory. (0x12B)
[0523/204325.729:ERROR:process_memory_win.cc(73)] ReadMemory at 0x2e70cbc0e880 of 512 bytes failed: Ukoñczono tylko czêœæ ¿¹dania ReadProcessMemory lub WriteProcessMemory. (0x12B)
[0523/204325.729:ERROR:process_memory_win.cc(73)] ReadMemory at 0x7ff88d524010 of 652 bytes failed: Ukoñczono tylko czêœæ ¿¹dania ReadProcessMemory lub WriteProcessMemory. (0x12B)
[0523/204325.729:ERROR:process_memory_win.cc(73)] ReadMemory at 0x7ff88e3e1b8e of 512 bytes failed: Ukoñczono tylko czêœæ ¿¹dania ReadProcessMemory lub WriteProcessMemory. (0x12B)
[0523/204325.729:ERROR:process_memory_win.cc(73)] ReadMemory at 0x7ff89091d4a0 of 512 bytes failed: Ukoñczono tylko czêœæ ¿¹dania ReadProcessMemory lub WriteProcessMemory. (0x12B)
[0523/204325.729:ERROR:process_memory_win.cc(73)] ReadMemory at 0x7ff9045221f0 of 512 bytes failed: Ukoñczono tylko czêœæ ¿¹dania ReadProcessMemory lub WriteProcessMemory. (0x12B)
[0523/204325.729:ERROR:process_memory_win.cc(73)] ReadMemory at 0x7ff9051aff00 of 512 bytes failed: Ukoñczono tylko czêœæ ¿¹dania ReadProcessMemory lub WriteProcessMemory. (0x12B)
[0523/204325.729:ERROR:process_memory_win.cc(73)] ReadMemory at 0x7ff9051ca1d0 of 512 bytes failed: Ukoñczono tylko czêœæ ¿¹dania ReadProcessMemory lub WriteProcessMemory. (0x12B)
[0523/204325.729:ERROR:process_memory_win.cc(73)] ReadMemory at 0x7ff9051ff764 of 832 bytes failed: Ukoñczono tylko czêœæ ¿¹dania ReadProcessMemory lub WriteProcessMemory. (0x12B)
[0523/204325.729:ERROR:process_memory_win.cc(73)] ReadMemory at 0x7ff905202ff4 of 608 bytes failed: Ukoñczono tylko czêœæ ¿¹dania ReadProcessMemory lub WriteProcessMemory. (0x12B)
[0523/204325.729:ERROR:process_memory_win.cc(73)] ReadMemory at 0x7ff90528c0c8 of 18 bytes failed: Ukoñczono tylko czêœæ ¿¹dania ReadProcessMemory lub WriteProcessMemory. (0x12B)
[0523/204325.729:ERROR:process_memory_win.cc(73)] ReadMemory at 0x7ff9052bf4f8 of 40 bytes failed: Ukoñczono tylko czêœæ ¿¹dania ReadProcessMemory lub WriteProcessMemory. (0x12B)
[0523/204325.729:ERROR:process_memory_win.cc(73)] ReadMemory at 0x7ff9052bf978 of 48 bytes failed: Ukoñczono tylko czêœæ ¿¹dania ReadProcessMemory lub WriteProcessMemory. (0x12B)
[0523/204325.730:ERROR:process_memory_win.cc(73)] ReadMemory at 0x7ff9052c53c0 of 64 bytes failed: Ukoñczono tylko czêœæ ¿¹dania ReadProcessMemory lub WriteProcessMemory. (0x12B)
[0523/204325.730:ERROR:process_memory_win.cc(73)] ReadMemory at 0x7ff9052d8460 of 560 bytes failed: Ukoñczono tylko czêœæ ¿¹dania ReadProcessMemory lub WriteProcessMemory. (0x12B)
[0523/204325.732:ERROR:scoped_process_suspend.cc(40)] NtResumeProcess: Podjêto próbê uzyskania dostêpu do procesu koñcz¹cego dzia³anie. (0xc000010a)
